<?xml version="1.0" encoding="utf-8"?><testsuites name="pytest tests"><testsuite name="pytest" errors="0" failures="0" skipped="0" tests="21" time="26.349" timestamp="2026-05-19T06:39:20.754099+00:00" hostname="agent-env-ccbc46bc-f982-4ae0-b5b7-d8f7bfce9184"><testcase classname="tests.test_gearmind_api" name="test_health" time="0.263" /><testcase classname="tests.test_gearmind_api.TestAuth" name="test_register_new_user" time="0.283" /><testcase classname="tests.test_gearmind_api.TestAuth" name="test_register_duplicate_rejected" time="0.328" /><testcase classname="tests.test_gearmind_api.TestAuth" name="test_login_seed_user" time="0.272" /><testcase classname="tests.test_gearmind_api.TestAuth" name="test_login_invalid_password" time="0.273" /><testcase classname="tests.test_gearmind_api.TestAuth" name="test_me_with_token" time="0.048" /><testcase classname="tests.test_gearmind_api.TestAuth" name="test_me_missing_token" time="0.047" /><testcase classname="tests.test_gearmind_api.TestAuth" name="test_me_invalid_token" time="0.048" /><testcase classname="tests.test_gearmind_api.TestVehicles" name="test_add_vehicle" time="0.062" /><testcase classname="tests.test_gearmind_api.TestVehicles" name="test_list_vehicles_contains_created" time="0.049" /><testcase classname="tests.test_gearmind_api.TestVehicles" name="test_vehicles_require_auth" time="0.050" /><testcase classname="tests.test_gearmind_api.TestVehicles" name="test_other_user_cannot_see_or_delete" time="0.378" /><testcase classname="tests.test_gearmind_api.TestVehicles" name="test_delete_vehicle" time="0.097" /><testcase classname="tests.test_gearmind_api.TestAIChat" name="test_chat_single_turn" time="12.205" /><testcase classname="tests.test_gearmind_api.TestAIChat" name="test_chat_multi_turn_retains_context" time="3.806" /><testcase classname="tests.test_gearmind_api.TestAIChat" name="test_chat_requires_auth" time="0.047" /><testcase classname="tests.test_gearmind_api.TestPartsSearch" name="test_search_brake_pads" time="7.308" /><testcase classname="tests.test_gearmind_api.TestPartsSearch" name="test_search_requires_auth" time="0.048" /><testcase classname="tests.test_gearmind_api.TestHistory" name="test_save_and_list_diagnosis" time="0.149" /><testcase classname="tests.test_gearmind_api.TestHistory" name="test_save_and_list_shopping" time="0.125" /><testcase classname="tests.test_gearmind_api.TestHistory" name="test_history_user_scoped" time="0.372" /></testsuite></testsuites>